#! /usr/local/bin/vvp
:ivl_version "10.3 (stable)" "(v10_3)";
:ivl_delay_selection "TYPICAL";
:vpi_time_precision - 12;
:vpi_module "system";
:vpi_module "vhdl_sys";
:vpi_module "v2005_math";
:vpi_module "va_math";
S_0x560f98cf4170 .scope module, "iob_demux" "iob_demux" 2 4;
 .timescale -9 -12;
    .port_info 0 /INPUT 5 "sel_i"
    .port_info 1 /INPUT 21 "data_i"
    .port_info 2 /OUTPUT 441 "data_o"
P_0x560f98cf3540 .param/l "DATA_W" 0 2 5, +C4<00000000000000000000000000010101>;
P_0x560f98cf3580 .param/l "N" 0 2 6, +C4<00000000000000000000000000010101>;
L_0x7fdf7c586018 .functor BUFT 1, C4<000000000000000000000000000000000000000000000000000000000000000000000000000000000000000000000000000000000000000000000000000000000000000000000000000000000000000000000000000000000000000000000000000000000000000000000000000000000000000000000000000000000000000000000000000000000000000000000000000000000000000000000000000000000000000000000000000000000000000000000000000000000000000000000000000000000000000000000000000000000000>, C4<0>, C4<0>, C4<0>;
v0x560f98cf4410_0 .net/2u *"_s0", 419 0, L_0x7fdf7c586018;  1 drivers
v0x560f98d3ae10_0 .net *"_s11", 31 0, L_0x560f98d4ba30;  1 drivers
v0x560f98d3aef0_0 .net *"_s2", 440 0, L_0x560f98d4b7b0;  1 drivers
v0x560f98d3afe0_0 .net *"_s4", 31 0, L_0x560f98d4b8b0;  1 drivers
L_0x7fdf7c586060 .functor BUFT 1, C4<000000000000000000000000000>, C4<0>, C4<0>, C4<0>;
v0x560f98d3b0c0_0 .net *"_s7", 26 0, L_0x7fdf7c586060;  1 drivers
L_0x7fdf7c5860a8 .functor BUFT 1, C4<00000000000000000000000000010101>, C4<0>, C4<0>, C4<0>;
v0x560f98d3b1f0_0 .net/2u *"_s8", 31 0, L_0x7fdf7c5860a8;  1 drivers
o0x7fdf7c5cf138 .functor BUFZ 21, C4<zzzzzzzzzzzzzzzzzzzzz>; HiZ drive
v0x560f98d3b2d0_0 .net "data_i", 20 0, o0x7fdf7c5cf138;  0 drivers
v0x560f98d3b3b0_0 .net "data_o", 440 0, L_0x560f98d4bba0;  1 drivers
o0x7fdf7c5cf198 .functor BUFZ 5, C4<zzzzz>; HiZ drive
v0x560f98d3b490_0 .net "sel_i", 4 0, o0x7fdf7c5cf198;  0 drivers
L_0x560f98d4b7b0 .concat [ 21 420 0 0], o0x7fdf7c5cf138, L_0x7fdf7c586018;
L_0x560f98d4b8b0 .concat [ 5 27 0 0], o0x7fdf7c5cf198, L_0x7fdf7c586060;
L_0x560f98d4ba30 .arith/mult 32, L_0x560f98d4b8b0, L_0x7fdf7c5860a8;
L_0x560f98d4bba0 .shift/l 441, L_0x560f98d4b7b0, L_0x560f98d4ba30;
# The file index is used to find the file name in the following table.
:file_names 3;
    "N/A";
    "<interactive>";
    "/home/efaustino/iob-soc--estagio/iob-soc-revamp/submodules/LIB/hardware/modules/iob_demux/hardware/src/iob_demux.v";
