#! /usr/local/bin/vvp
:ivl_version "10.3 (stable)" "(v10_3)";
:ivl_delay_selection "TYPICAL";
:vpi_time_precision - 12;
:vpi_module "system";
:vpi_module "vhdl_sys";
:vpi_module "v2005_math";
:vpi_module "va_math";
S_0x55f133622140 .scope module, "iob_mux" "iob_mux" 2 4;
 .timescale -9 -12;
    .port_info 0 /INPUT 5 "sel_i"
    .port_info 1 /INPUT 441 "data_i"
    .port_info 2 /OUTPUT 21 "data_o"
P_0x55f1336334f0 .param/l "DATA_W" 0 2 5, +C4<00000000000000000000000000010101>;
P_0x55f133633530 .param/l "N" 0 2 6, +C4<00000000000000000000000000010101>;
o0x7fae8712c018 .functor BUFZ 441, C4<zzzzzzzzzzzzzzzzzzzzzzzzzzzzzzzzzzzzzzzzzzzzzzzzzzzzzzzzzzzzzzzzzzzzzzzzzzzzzzzzzzzzzzzzzzzzzzzzzzzzzzzzzzzzzzzzzzzzzzzzzzzzzzzzzzzzzzzzzzzzzzzzzzzzzzzzzzzzzzzzzzzzzzzzzzzzzzzzzzzzzzzzzzzzzzzzzzzzzzzzzzzzzzzzzzzzzzzzzzzzzzzzzzzzzzzzzzzzzzzzzzzzzzzzzzzzzzzzzzzzzzzzzzzzzzzzzzzzzzzzzzzzzzzzzzzzzzzzzzzzzzzzzzzzzzzzzzzzzzzzzzzzzzzzzzzzzzzzzzzzzzzzzzzzzzzzzzzzzzzzzzzzzzzzzzzzzzzzzzzzzzzzzzzzzzzzzzzzzzzzzzzzzzzzzzzzzzzzzzzzzzzzzzzzzzzzzzzzzzzzz>; HiZ drive
v0x55f1336365d0_0 .net "data_i", 440 0, o0x7fae8712c018;  0 drivers
v0x55f133668ef0_0 .var "data_o", 20 0;
v0x55f133668fd0_0 .var/i "i", 31 0;
o0x7fae8712c0a8 .functor BUFZ 5, C4<zzzzz>; HiZ drive
v0x55f133669090_0 .net "sel_i", 4 0, o0x7fae8712c0a8;  0 drivers
E_0x55f133658290 .event edge, v0x55f133668fd0_0, v0x55f133669090_0, v0x55f1336365d0_0;
S_0x55f133636400 .scope begin, "gen_mux" "gen_mux" 2 16, 2 16 0, S_0x55f133622140;
 .timescale -9 -12;
    .scope S_0x55f133622140;
T_0 ;
    %wait E_0x55f133658290;
    %pushi/vec4 0, 0, 21;
    %store/vec4 v0x55f133668ef0_0, 0, 21;
    %pushi/vec4 0, 0, 32;
    %store/vec4 v0x55f133668fd0_0, 0, 32;
T_0.0 ;
    %load/vec4 v0x55f133668fd0_0;
    %cmpi/s 21, 0, 32;
    %jmp/0xz T_0.1, 5;
    %fork t_1, S_0x55f133636400;
    %jmp t_0;
    .scope S_0x55f133636400;
t_1 ;
    %load/vec4 v0x55f133668fd0_0;
    %load/vec4 v0x55f133669090_0;
    %pad/u 32;
    %cmp/e;
    %jmp/0xz  T_0.2, 4;
    %load/vec4 v0x55f1336365d0_0;
    %load/vec4 v0x55f133668fd0_0;
    %muli 21, 0, 32;
    %part/s 21;
    %store/vec4 v0x55f133668ef0_0, 0, 21;
T_0.2 ;
    %end;
    .scope S_0x55f133622140;
t_0 %join;
    %load/vec4 v0x55f133668fd0_0;
    %addi 1, 0, 32;
    %store/vec4 v0x55f133668fd0_0, 0, 32;
    %jmp T_0.0;
T_0.1 ;
    %jmp T_0;
    .thread T_0, $push;
# The file index is used to find the file name in the following table.
:file_names 3;
    "N/A";
    "<interactive>";
    "/home/efaustino/iob-soc--estagio/iob-soc-revamp/submodules/LIB/hardware/modules/iob_mux/hardware/src/iob_mux.v";
